This is pdfTeX, Version 3.1415926-2.4-1.40.13 (TeX Live 2012) (format=pdflatex 2012.6.30)  24 APR 2013 13:34
entering extended mode
 restricted \write18 enabled.
 %&-line parsing enabled.
**Report.tex
(./Report.tex
LaTeX2e <2011/06/27>
Babel <v3.8m> and hyphenation patterns for english, dumylang, nohyphenation, ge
rman-x-2012-05-30, ngerman-x-2012-05-30, afrikaans, ancientgreek, ibycus, arabi
c, armenian, basque, bulgarian, catalan, pinyin, coptic, croatian, czech, danis
h, dutch, ukenglish, usenglishmax, esperanto, estonian, ethiopic, farsi, finnis
h, french, friulan, galician, german, ngerman, swissgerman, monogreek, greek, h
ungarian, icelandic, assamese, bengali, gujarati, hindi, kannada, malayalam, ma
rathi, oriya, panjabi, tamil, telugu, indonesian, interlingua, irish, italian, 
kurmanji, latin, latvian, lithuanian, mongolian, mongolianlmc, bokmal, nynorsk,
 polish, portuguese, romanian, romansh, russian, sanskrit, serbian, serbianc, s
lovak, slovenian, spanish, swedish, turkish, turkmen, ukrainian, uppersorbian, 
welsh, loaded.
(/usr/local/texlive/2012/texmf-dist/tex/latex/base/report.cls
Document Class: report 2007/10/19 v1.4h Standard LaTeX document class
(/usr/local/texlive/2012/texmf-dist/tex/latex/base/size10.clo
File: size10.clo 2007/10/19 v1.4h Standard LaTeX file (size option)
)
\c@part=\count79
\c@chapter=\count80
\c@section=\count81
\c@subsection=\count82
\c@subsubsection=\count83
\c@paragraph=\count84
\c@subparagraph=\count85
\c@figure=\count86
\c@table=\count87
\abovecaptionskip=\skip41
\belowcaptionskip=\skip42
\bibindent=\dimen102
)
(/usr/local/texlive/2012/texmf-dist/tex/latex/geometry/geometry.sty
Package: geometry 2010/09/12 v5.6 Page Geometry

(/usr/local/texlive/2012/texmf-dist/tex/latex/graphics/keyval.sty
Package: keyval 1999/03/16 v1.13 key=value parser (DPC)
\KV@toks@=\toks14
)
(/usr/local/texlive/2012/texmf-dist/tex/generic/oberdiek/ifpdf.sty
Package: ifpdf 2011/01/30 v2.3 Provides the ifpdf switch (HO)
Package ifpdf Info: pdfTeX in PDF mode is detected.
)
(/usr/local/texlive/2012/texmf-dist/tex/generic/oberdiek/ifvtex.sty
Package: ifvtex 2010/03/01 v1.5 Detect VTeX and its facilities (HO)
Package ifvtex Info: VTeX not detected.
)
(/usr/local/texlive/2012/texmf-dist/tex/generic/ifxetex/ifxetex.sty
Package: ifxetex 2010/09/12 v0.6 Provides ifxetex conditional
)
\Gm@cnth=\count88
\Gm@cntv=\count89
\c@Gm@tempcnt=\count90
\Gm@bindingoffset=\dimen103
\Gm@wd@mp=\dimen104
\Gm@odd@mp=\dimen105
\Gm@even@mp=\dimen106
\Gm@layoutwidth=\dimen107
\Gm@layoutheight=\dimen108
\Gm@layouthoffset=\dimen109
\Gm@layoutvoffset=\dimen110
\Gm@dimlist=\toks15
)
(/usr/local/texlive/2012/texmf-dist/tex/latex/url/url.sty
\Urlmuskip=\muskip10
Package: url 2006/04/12  ver 3.3  Verb mode for urls, etc.
)
(/usr/local/texlive/2012/texmf-dist/tex/latex/mh/mathtools.sty
Package: mathtools 2012/04/24 v1.12 mathematical typesetting tools

(/usr/local/texlive/2012/texmf-dist/tex/latex/tools/calc.sty
Package: calc 2007/08/22 v4.3 Infix arithmetic (KKT,FJ)
\calc@Acount=\count91
\calc@Bcount=\count92
\calc@Adimen=\dimen111
\calc@Bdimen=\dimen112
\calc@Askip=\skip43
\calc@Bskip=\skip44
LaTeX Info: Redefining \setlength on input line 76.
LaTeX Info: Redefining \addtolength on input line 77.
\calc@Ccount=\count93
\calc@Cskip=\skip45
)
(/usr/local/texlive/2012/texmf-dist/tex/latex/mh/mhsetup.sty
Package: mhsetup 2010/01/21 v1.2a programming setup (MH)
)
(/usr/local/texlive/2012/texmf-dist/tex/latex/amsmath/amsmath.sty
Package: amsmath 2000/07/18 v2.13 AMS math features
\@mathmargin=\skip46

For additional information on amsmath, use the `?' option.
(/usr/local/texlive/2012/texmf-dist/tex/latex/amsmath/amstext.sty
Package: amstext 2000/06/29 v2.01

(/usr/local/texlive/2012/texmf-dist/tex/latex/amsmath/amsgen.sty
File: amsgen.sty 1999/11/30 v2.0
\@emptytoks=\toks16
\ex@=\dimen113
))
(/usr/local/texlive/2012/texmf-dist/tex/latex/amsmath/amsbsy.sty
Package: amsbsy 1999/11/29 v1.2d
\pmbraise@=\dimen114
)
(/usr/local/texlive/2012/texmf-dist/tex/latex/amsmath/amsopn.sty
Package: amsopn 1999/12/14 v2.01 operator names
)
\inf@bad=\count94
LaTeX Info: Redefining \frac on input line 211.
\uproot@=\count95
\leftroot@=\count96
LaTeX Info: Redefining \overline on input line 307.
\classnum@=\count97
\DOTSCASE@=\count98
LaTeX Info: Redefining \ldots on input line 379.
LaTeX Info: Redefining \dots on input line 382.
LaTeX Info: Redefining \cdots on input line 467.
\Mathstrutbox@=\box26
\strutbox@=\box27
\big@size=\dimen115
LaTeX Font Info:    Redeclaring font encoding OML on input line 567.
LaTeX Font Info:    Redeclaring font encoding OMS on input line 568.
\macc@depth=\count99
\c@MaxMatrixCols=\count100
\dotsspace@=\muskip11
\c@parentequation=\count101
\dspbrk@lvl=\count102
\tag@help=\toks17
\row@=\count103
\column@=\count104
\maxfields@=\count105
\andhelp@=\toks18
\eqnshift@=\dimen116
\alignsep@=\dimen117
\tagshift@=\dimen118
\tagwidth@=\dimen119
\totwidth@=\dimen120
\lineht@=\dimen121
\@envbody=\toks19
\multlinegap=\skip47
\multlinetaggap=\skip48
\mathdisplay@stack=\toks20
LaTeX Info: Redefining \[ on input line 2666.
LaTeX Info: Redefining \] on input line 2667.
)
\g_MT_multlinerow_int=\count106
\l_MT_multwidth_dim=\dimen122
\origjot=\skip49
\l_MT_shortvdotswithinadjustabove_dim=\dimen123
\l_MT_shortvdotswithinadjustbelow_dim=\dimen124
\l_MT_above_intertext_dim=\dimen125
\l_MT_below_intertext_dim=\dimen126
\l_MT_above_shortintertext_dim=\dimen127
\l_MT_below_shortintertext_dim=\dimen128
)
(/usr/local/texlive/2012/texmf-dist/tex/latex/graphics/graphicx.sty
Package: graphicx 1999/02/16 v1.0f Enhanced LaTeX Graphics (DPC,SPQR)

(/usr/local/texlive/2012/texmf-dist/tex/latex/graphics/graphics.sty
Package: graphics 2009/02/05 v1.0o Standard LaTeX Graphics (DPC,SPQR)

(/usr/local/texlive/2012/texmf-dist/tex/latex/graphics/trig.sty
Package: trig 1999/03/16 v1.09 sin cos tan (DPC)
)
(/usr/local/texlive/2012/texmf-dist/tex/latex/latexconfig/graphics.cfg
File: graphics.cfg 2010/04/23 v1.9 graphics configuration of TeX Live
)
Package graphics Info: Driver file: pdftex.def on input line 91.

(/usr/local/texlive/2012/texmf-dist/tex/latex/pdftex-def/pdftex.def
File: pdftex.def 2011/05/27 v0.06d Graphics/color for pdfTeX

(/usr/local/texlive/2012/texmf-dist/tex/generic/oberdiek/infwarerr.sty
Package: infwarerr 2010/04/08 v1.3 Providing info/warning/error messages (HO)
)
(/usr/local/texlive/2012/texmf-dist/tex/generic/oberdiek/ltxcmds.sty
Package: ltxcmds 2011/11/09 v1.22 LaTeX kernel commands for general use (HO)
)
\Gread@gobject=\count107
))
\Gin@req@height=\dimen129
\Gin@req@width=\dimen130
)
(/usr/local/texlive/2012/texmf-dist/tex/latex/graphics/lscape.sty
Package: lscape 2000/10/22 v3.01 Landscape Pages (DPC)
)
(/usr/local/texlive/2012/texmf-dist/tex/latex/listings/listings.sty
\lst@mode=\count108
\lst@gtempboxa=\box28
\lst@token=\toks21
\lst@length=\count109
\lst@currlwidth=\dimen131
\lst@column=\count110
\lst@pos=\count111
\lst@lostspace=\dimen132
\lst@width=\dimen133
\lst@newlines=\count112
\lst@lineno=\count113
\lst@maxwidth=\dimen134

(/usr/local/texlive/2012/texmf-dist/tex/latex/listings/lstmisc.sty
File: lstmisc.sty 2007/02/22 1.4 (Carsten Heinz)
\c@lstnumber=\count114
\lst@skipnumbers=\count115
\lst@framebox=\box29
)
(/usr/local/texlive/2012/texmf-dist/tex/latex/listings/listings.cfg
File: listings.cfg 2007/02/22 1.4 listings configuration
))
Package: listings 2007/02/22 1.4 (Carsten Heinz)

(./Report.aux)
\openout1 = `Report.aux'.

LaTeX Font Info:    Checking defaults for OML/cmm/m/it on input line 9.
LaTeX Font Info:    ... okay on input line 9.
LaTeX Font Info:    Checking defaults for T1/cmr/m/n on input line 9.
LaTeX Font Info:    ... okay on input line 9.
LaTeX Font Info:    Checking defaults for OT1/cmr/m/n on input line 9.
LaTeX Font Info:    ... okay on input line 9.
LaTeX Font Info:    Checking defaults for OMS/cmsy/m/n on input line 9.
LaTeX Font Info:    ... okay on input line 9.
LaTeX Font Info:    Checking defaults for OMX/cmex/m/n on input line 9.
LaTeX Font Info:    ... okay on input line 9.
LaTeX Font Info:    Checking defaults for U/cmr/m/n on input line 9.
LaTeX Font Info:    ... okay on input line 9.

*geometry* driver: auto-detecting
*geometry* detected driver: pdftex
*geometry* verbose mode - [ preamble ] result:
* driver: pdftex
* paper: <default>
* layout: <same size as paper>
* layoutoffset:(h,v)=(0.0pt,0.0pt)
* modes: 
* h-part:(L,W,R)=(72.26999pt, 469.75502pt, 72.26999pt)
* v-part:(T,H,B)=(72.26999pt, 650.43001pt, 72.26999pt)
* \paperwidth=614.295pt
* \paperheight=794.96999pt
* \textwidth=469.75502pt
* \textheight=650.43001pt
* \oddsidemargin=0.0pt
* \evensidemargin=0.0pt
* \topmargin=-37.0pt
* \headheight=12.0pt
* \headsep=25.0pt
* \topskip=10.0pt
* \footskip=30.0pt
* \marginparwidth=65.0pt
* \marginparsep=11.0pt
* \columnsep=10.0pt
* \skip\footins=9.0pt plus 4.0pt minus 2.0pt
* \hoffset=0.0pt
* \voffset=0.0pt
* \mag=1000
* \@twocolumnfalse
* \@twosidefalse
* \@mparswitchfalse
* \@reversemarginfalse
* (1in=72.27pt=25.4mm, 1cm=28.453pt)

(/usr/local/texlive/2012/texmf-dist/tex/context/base/supp-pdf.mkii
[Loading MPS to PDF converter (version 2006.09.02).]
\scratchcounter=\count116
\scratchdimen=\dimen135
\scratchbox=\box30
\nofMPsegments=\count117
\nofMParguments=\count118
\everyMPshowfont=\toks22
\MPscratchCnt=\count119
\MPscratchDim=\dimen136
\MPnumerator=\count120
\makeMPintoPDFobject=\count121
\everyMPtoPDFconversion=\toks23
) (/usr/local/texlive/2012/texmf-dist/tex/generic/oberdiek/pdftexcmds.sty
Package: pdftexcmds 2011/11/29 v0.20 Utility functions of pdfTeX for LuaTeX (HO
)

(/usr/local/texlive/2012/texmf-dist/tex/generic/oberdiek/ifluatex.sty
Package: ifluatex 2010/03/01 v1.3 Provides the ifluatex switch (HO)
Package ifluatex Info: LuaTeX not detected.
)
Package pdftexcmds Info: LuaTeX not detected.
Package pdftexcmds Info: \pdf@primitive is available.
Package pdftexcmds Info: \pdf@ifprimitive is available.
Package pdftexcmds Info: \pdfdraftmode found.
)
(/usr/local/texlive/2012/texmf-dist/tex/latex/oberdiek/epstopdf-base.sty
Package: epstopdf-base 2010/02/09 v2.5 Base part for package epstopdf

(/usr/local/texlive/2012/texmf-dist/tex/latex/oberdiek/grfext.sty
Package: grfext 2010/08/19 v1.1 Manage graphics extensions (HO)

(/usr/local/texlive/2012/texmf-dist/tex/generic/oberdiek/kvdefinekeys.sty
Package: kvdefinekeys 2011/04/07 v1.3 Define keys (HO)
))
(/usr/local/texlive/2012/texmf-dist/tex/latex/oberdiek/kvoptions.sty
Package: kvoptions 2011/06/30 v3.11 Key value format for package options (HO)

(/usr/local/texlive/2012/texmf-dist/tex/generic/oberdiek/kvsetkeys.sty
Package: kvsetkeys 2012/04/25 v1.16 Key value parser (HO)

(/usr/local/texlive/2012/texmf-dist/tex/generic/oberdiek/etexcmds.sty
Package: etexcmds 2011/02/16 v1.5 Avoid name clashes with e-TeX commands (HO)
Package etexcmds Info: Could not find \expanded.
(etexcmds)             That can mean that you are not using pdfTeX 1.50 or
(etexcmds)             that some package has redefined \expanded.
(etexcmds)             In the latter case, load this package earlier.
)))
Package grfext Info: Graphics extension search list:
(grfext)             [.png,.pdf,.jpg,.mps,.jpeg,.jbig2,.jb2,.PNG,.PDF,.JPG,.JPE
G,.JBIG2,.JB2,.eps]
(grfext)             \AppendGraphicsExtensions on input line 452.

(/usr/local/texlive/2012/texmf-dist/tex/latex/latexconfig/epstopdf-sys.cfg
File: epstopdf-sys.cfg 2010/07/13 v1.3 Configuration of (r)epstopdf for TeX Liv
e
))
\c@lstlisting=\count122

[1

{/usr/local/texlive/2012/texmf-var/fonts/map/pdftex/updmap/pdftex.map}]
[1] (./Report.toc)
\tf@toc=\write3
\openout3 = `Report.toc'.

 [1

]
Chapter 1.
[2

] [3]
Chapter 2.
[4

]
LaTeX Font Info:    Try loading font information for OMS+cmr on input line 76.
 (/usr/local/texlive/2012/texmf-dist/tex/latex/base/omscmr.fd
File: omscmr.fd 1999/05/25 v2.5h Standard LaTeX font definitions
)
LaTeX Font Info:    Font shape `OMS/cmr/m/n' in size <10> not available
(Font)              Font shape `OMS/cmsy/m/n' tried instead on input line 76.
Missing character: There is no ‚ in font cmr10!
Missing character: There is no Ä in font cmr10!
Missing character: There is no ì in font cmr10!
 [5] [6]
[7] [8]
Chapter 3.
[9

] [10]
Missing character: There is no ‚ in font cmr10!
Missing character: There is no Ä in font cmr10!
Missing character: There is no ì in font cmr10!
 [11]
Missing character: There is no ‚ in font cmr10!
Missing character: There is no Ä in font cmr10!
Missing character: There is no ì in font cmr10!
 [12]
Missing character: There is no ‚ in font cmr10!
Missing character: There is no Ä in font cmr10!
Missing character: There is no ì in font cmr10!
 <example-graph.png, id=59, 1027.84pt x 1027.84pt>
File: example-graph.png Graphic file (type png)

<use example-graph.png>
Package pdftex.def Info: example-graph.png used on input line 220.
(pdftex.def)             Requested size: 256.95937pt x 256.95937pt.
Missing character: There is no ‚ in font cmr10!
Missing character: There is no Ä in font cmr10!
Missing character: There is no ì in font cmr10!
 <example-edge.png, id=60, 484.05844pt x 72.27pt>
File: example-edge.png Graphic file (type png)

<use example-edge.png>
Package pdftex.def Info: example-edge.png used on input line 230.
(pdftex.def)             Requested size: 242.02863pt x 36.1349pt.
 [13] [14 <./example-graph.png (PNG copy)> <./example-edge.png>]
Missing character: There is no ‚ in font cmr10!
Missing character: There is no Ä in font cmr10!
Missing character: There is no ì in font cmr10!
 <multi-inf.png, id=67, 393.72093pt x 231.11343pt>
File: multi-inf.png Graphic file (type png)
 <use multi-inf.png>
Package pdftex.def Info: multi-inf.png used on input line 245.
(pdftex.def)             Requested size: 295.28998pt x 173.33464pt.

<multihop-inf.png, id=68, 641.39626pt x 52.69687pt>
File: multihop-inf.png Graphic file (type png)
 <use multihop-inf.png>
Package pdftex.def Info: multihop-inf.png used on input line 258.
(pdftex.def)             Requested size: 481.046pt x 39.52254pt.

Overfull \hbox (11.29099pt too wide) in paragraph at lines 258--259
 [] 
 []

[15 <./multi-inf.png> <./multihop-inf.png>]
Missing character: There is no ‚ in font cmr10!
Missing character: There is no Ä in font cmr10!
Missing character: There is no ì in font cmr10!

<ex-scale-free.png, id=72, 1027.84pt x 1027.84pt>
File: ex-scale-free.png Graphic file (type png)
 <use ex-scale-free.png>
Package pdftex.def Info: ex-scale-free.png used on input line 279.
(pdftex.def)             Requested size: 256.95937pt x 256.95937pt.
Missing character: There is no ‚ in font cmr10!
Missing character: There is no Ä in font cmr10!
Missing character: There is no ì in font cmr10!
Missing character: There is no ‚ in font cmr10!
Missing character: There is no Ä in font cmr10!
Missing character: There is no ì in font cmr10!

<ex-small-world.png, id=74, 1027.84pt x 1027.84pt>
File: ex-small-world.png Graphic file (type png)
 <use ex-small-world.png>
Package pdftex.def Info: ex-small-world.png used on input line 298.
(pdftex.def)             Requested size: 256.95937pt x 256.95937pt.

[16] [17 <./ex-scale-free.png>] [18 <./ex-small-world.png>]
<ex-snowball.png, id=88, 1027.84pt x 1027.84pt>
File: ex-snowball.png Graphic file (type png)
 <use ex-snowball.png>
Package pdftex.def Info: ex-snowball.png used on input line 318.
(pdftex.def)             Requested size: 256.95937pt x 256.95937pt.
 [19 <./ex-snowball.png>] <pre-balance.png, id=93, 1027.84pt x 1027.84pt>
File: pre-balance.png Graphic file (type png)

<use pre-balance.png>
Package pdftex.def Info: pre-balance.png used on input line 335.
(pdftex.def)             Requested size: 256.95937pt x 256.95937pt.
 <post-balance.png, id=94, 508.14844pt x 428.35031pt>
File: post-balance.png Graphic file (type png)

<use post-balance.png>
Package pdftex.def Info: post-balance.png used on input line 343.
(pdftex.def)             Requested size: 127.03679pt x 107.08731pt.
 [20 <./pre-balance.png> <./post-balance.png>]
Missing character: There is no ‚ in font cmr10!
Missing character: There is no Ä in font cmr10!
Missing character: There is no ì in font cmr10!

<simbase.png, id=100, 1027.84pt x 1027.84pt>
File: simbase.png Graphic file (type png)
 <use simbase.png>
Package pdftex.def Info: simbase.png used on input line 359.
(pdftex.def)             Requested size: 256.95937pt x 256.95937pt.

<non-crunch.png, id=101, 1027.84pt x 1027.84pt>
File: non-crunch.png Graphic file (type png)
 <use non-crunch.png>
Package pdftex.def Info: non-crunch.png used on input line 366.
(pdftex.def)             Requested size: 256.95937pt x 256.95937pt.

<crunched.png, id=102, 1027.84pt x 1027.84pt>
File: crunched.png Graphic file (type png)
 <use crunched.png>
Package pdftex.def Info: crunched.png used on input line 373.
(pdftex.def)             Requested size: 256.95937pt x 256.95937pt.
Missing character: There is no ‚ in font cmr10!
Missing character: There is no Ä in font cmr10!
Missing character: There is no ì in font cmr10!
 [21 <./simbase.png>] [22 <./non-crunch.png> <./crunched.png>]
Missing character: There is no ‚ in font cmr10!
Missing character: There is no Ä in font cmr10!
Missing character: There is no ì in font cmr10!
Missing character: There is no ‚ in font cmr10!
Missing character: There is no Ä in font cmr10!
Missing character: There is no ì in font cmr10!
 [23]
Missing character: There is no ‚ in font cmr10!
Missing character: There is no Ä in font cmr10!
Missing character: There is no ì in font cmr10!
Missing character: There is no ‚ in font cmr10!
Missing character: There is no Ä in font cmr10!
Missing character: There is no ì in font cmr10!
 [24]
Missing character: There is no ‚ in font cmr10!
Missing character: There is no Ä in font cmr10!
Missing character: There is no ì in font cmr10!
 [25]
Underfull \hbox (badness 10000) in paragraph at lines 468--469

 []


Underfull \hbox (badness 10000) in paragraph at lines 469--470

 []


Underfull \hbox (badness 10000) in paragraph at lines 470--471

 []


Underfull \hbox (badness 10000) in paragraph at lines 471--472

 []

<DecTreeBasic2.png, id=122, 356.0803pt x 267.24844pt>
File: DecTreeBasic2.png Graphic file (type png)
 <use DecTreeBasic2.png>
Package pdftex.def Info: DecTreeBasic2.png used on input line 481.
(pdftex.def)             Requested size: 284.86462pt x 213.79904pt.

<example-decision.png, id=123, 143.03438pt x 181.42781pt>
File: example-decision.png Graphic file (type png)

<use example-decision.png>
Package pdftex.def Info: example-decision.png used on input line 491.
(pdftex.def)             Requested size: 143.03401pt x 181.42737pt.
 [26] [27 <./DecTreeBasic2.png> <./example-decision.png>] <DecTreev09.jpg, id=1
33, 797.98125pt x 355.3275pt>
File: DecTreev09.jpg Graphic file (type jpg)
 <use DecTreev09.jpg>
Package pdftex.def Info: DecTreev09.jpg used on input line 499.
(pdftex.def)             Requested size: 614.295pt x 273.54878pt.

[28 <./DecTreev09.jpg>]
Missing character: There is no ‚ in font cmr10!
Missing character: There is no Ä in font cmr10!
Missing character: There is no ì in font cmr10!
Missing character: There is no ‚ in font cmr10!
Missing character: There is no Ä in font cmr10!
Missing character: There is no ì in font cmr10!
 <End-DecA.png, id=137, 163.3603pt x 122.70844pt>
File: End-DecA.png Graphic file (type png)

<use End-DecA.png>
Package pdftex.def Info: End-DecA.png used on input line 513.
(pdftex.def)             Requested size: 163.3599pt x 122.70813pt.
 <End-DecB.png, id=138, 163.3603pt x 122.70844pt>
File: End-DecB.png Graphic file (type png)

<use End-DecB.png>
Package pdftex.def Info: End-DecB.png used on input line 514.
(pdftex.def)             Requested size: 163.3599pt x 122.70813pt.
Missing character: There is no ‚ in font cmr10!
Missing character: There is no Ä in font cmr10!
Missing character: There is no ì in font cmr10!

Underfull \hbox (badness 10000) in paragraph at lines 552--553

 []

[29


 <./End-DecA.png> <./End-DecB.png>] [30]
Missing character: There is no ‚ in font cmr10!
Missing character: There is no Ä in font cmr10!
Missing character: There is no ì in font cmr10!
Missing character: There is no ‚ in font cmr10!
Missing character: There is no Ä in font cmr10!
Missing character: There is no ì in font cmr10!
 [31] [32]
<Dectree-left.png, id=153, 760.34062pt x 298.11375pt>
File: Dectree-left.png Graphic file (type png)
 <use Dectree-left.png>
Package pdftex.def Info: Dectree-left.png used on input line 591.
(pdftex.def)             Requested size: 614.295pt x 240.85672pt.

[33 <./Dectree-left.png>]
<dectree-right.png, id=157, 993.7125pt x 387.69844pt>
File: dectree-right.png Graphic file (type png)
 <use dectree-right.png>
Package pdftex.def Info: dectree-right.png used on input line 601.
(pdftex.def)             Requested size: 614.295pt x 239.67247pt.

[34 <./dectree-right.png>]
Missing character: There is no ‚ in font cmr10!
Missing character: There is no Ä in font cmr10!
Missing character: There is no ì in font cmr10!
Missing character: There is no ‚ in font cmr10!
Missing character: There is no Ä in font cmr10!
Missing character: There is no ô in font cmr10!
Missing character: There is no ‚ in font cmr10!
Missing character: There is no Ä in font cmr10!
Missing character: There is no ô in font cmr10!
 [35




] [36] [37]
Chapter 4.
File: simbase.png Graphic file (type png)
<use simbase.png>
Package pdftex.def Info: simbase.png used on input line 728.
(pdftex.def)             Requested size: 411.12872pt x 411.12872pt.
Missing character: There is no ‚ in font cmr10!
Missing character: There is no Ä in font cmr10!
Missing character: There is no ì in font cmr10!
 [38

] [39]
<smok-giveup.png, id=177, 1059.20718pt x 560.0925pt>
File: smok-giveup.png Graphic file (type png)
 <use smok-giveup.png>
Package pdftex.def Info: smok-giveup.png used on input line 752.
(pdftex.def)             Requested size: 469.75502pt x 248.39856pt.

<smok-pct.png, id=178, 1061.46562pt x 560.0925pt>
File: smok-pct.png Graphic file (type png)
 <use smok-pct.png>
Package pdftex.def Info: smok-pct.png used on input line 760.
(pdftex.def)             Requested size: 469.75502pt x 247.86868pt.

<give-up.png, id=179, 1059.96pt x 557.08125pt>
File: give-up.png Graphic file (type png)
 <use give-up.png>
Package pdftex.def Info: give-up.png used on input line 770.
(pdftex.def)             Requested size: 469.75502pt x 246.88458pt.
 [40 <./smok-giveup.png>] [41 <./smok-pct.png> <./give-up.png>]
<mean-cig.png, id=187, 1060.71281pt x 558.58687pt>
File: mean-cig.png Graphic file (type png)
 <use mean-cig.png>
Package pdftex.def Info: mean-cig.png used on input line 780.
(pdftex.def)             Requested size: 469.75502pt x 247.38136pt.
 [42 <./mean-cig.png>] [43]
<dectree-right-labelled.png, id=194, 1091.57813pt x 409.53pt>
File: dectree-right-labelled.png Graphic file (type png)

<use dectree-right-labelled.png>
Package pdftex.def Info: dectree-right-labelled.png used on input line 795.
(pdftex.def)             Requested size: 614.295pt x 230.46628pt.
 [44 <./dectree-right-labelled.png>]
<dectree-left-label.png, id=198, 862.72313pt x 326.72063pt>
File: dectree-left-label.png Graphic file (type png)

<use dectree-left-label.png>
Package pdftex.def Info: dectree-left-label.png used on input line 805.
(pdftex.def)             Requested size: 614.295pt x 232.64629pt.
 [45 <./dectree-left-label.png>]
Missing character: There is no ‚ in font cmr10!
Missing character: There is no Ä in font cmr10!
Missing character: There is no ì in font cmr10!
 [46




]
Missing character: There is no ‚ in font cmr10!
Missing character: There is no Ä in font cmr10!
Missing character: There is no ì in font cmr10!
Missing character: There is no ‚ in font cmr10!
Missing character: There is no Ä in font cmr10!
Missing character: There is no ì in font cmr10!

<sample-init.png, id=205, 1027.84pt x 1027.84pt>
File: sample-init.png Graphic file (type png)
 <use sample-init.png>
Package pdftex.def Info: sample-init.png used on input line 830.
(pdftex.def)             Requested size: 411.12872pt x 411.12872pt.

<sample-fin.png, id=206, 1027.84pt x 1027.84pt>
File: sample-fin.png Graphic file (type png)
 <use sample-fin.png>
Package pdftex.def Info: sample-fin.png used on input line 837.
(pdftex.def)             Requested size: 513.91875pt x 513.91875pt.

Overfull \hbox (44.16373pt too wide) in paragraph at lines 837--838
 [] 
 []

<email-smokers.png, id=207, 1027.84pt x 1027.84pt>
File: email-smokers.png Graphic file (type png)
 <use email-smokers.png>
Package pdftex.def Info: email-smokers.png used on input line 848.
(pdftex.def)             Requested size: 411.12872pt x 411.12872pt.

<email-nonsmok.png, id=208, 1027.84pt x 1027.84pt>
File: email-nonsmok.png Graphic file (type png)
 <use email-nonsmok.png>
Package pdftex.def Info: email-nonsmok.png used on input line 855.
(pdftex.def)             Requested size: 411.12872pt x 411.12872pt.
Missing character: There is no ‚ in font cmr10!
Missing character: There is no Ä in font cmr10!
Missing character: There is no ì in font cmr10!

[47] [48 <./sample-init.png>] [49 <./sample-fin.png>] [50 <./email-smokers.png>
] [51 <./email-nonsmok.png>]
Missing character: There is no ‚ in font cmr10!
Missing character: There is no Ä in font cmr10!
Missing character: There is no ì in font cmr10!
Missing character: There is no ‚ in font cmr10!
Missing character: There is no Ä in font cmr10!
Missing character: There is no ì in font cmr10!
 [52]
<scale-free-gen.png, id=233, 1061.46562pt x 558.58687pt>
File: scale-free-gen.png Graphic file (type png)

<use scale-free-gen.png>
Package pdftex.def Info: scale-free-gen.png used on input line 885.
(pdftex.def)             Requested size: 469.75502pt x 247.20238pt.

<small-world-gen.png, id=234, 1061.46562pt x 557.83406pt>
File: small-world-gen.png Graphic file (type png)

<use small-world-gen.png>
Package pdftex.def Info: small-world-gen.png used on input line 892.
(pdftex.def)             Requested size: 469.75502pt x 246.86922pt.

<scale-free-runs.png, id=235, 1062.21844pt x 558.58687pt>
File: scale-free-runs.png Graphic file (type png)

<use scale-free-runs.png>
Package pdftex.def Info: scale-free-runs.png used on input line 903.
(pdftex.def)             Requested size: 469.75502pt x 247.0319pt.

<small-world-runs.png, id=236, 1061.46562pt x 558.58687pt>
File: small-world-runs.png Graphic file (type png)

<use small-world-runs.png>
Package pdftex.def Info: small-world-runs.png used on input line 910.
(pdftex.def)             Requested size: 469.75502pt x 247.20238pt.
 [53 <./scale-free-gen.png>] [54 <./small-world-gen.png> <./scale-free-runs.png
>]
Missing character: There is no ‚ in font cmr10!
Missing character: There is no Ä in font cmr10!
Missing character: There is no ì in font cmr10!
 [55 <./small-world-runs.png>]
Missing character: There is no ‚ in font cmr10!
Missing character: There is no Ä in font cmr10!
Missing character: There is no ì in font cmr10!
 [56] [57] [58]
Chapter 5.
Missing character: There is no ‚ in font cmr10!
Missing character: There is no Ä in font cmr10!
Missing character: There is no ò in font cmr10!
Missing character: There is no ‚ in font cmr10!
Missing character: There is no Ä in font cmr10!
Missing character: There is no ô in font cmr10!
Missing character: There is no ‚ in font cmr10!
Missing character: There is no Ä in font cmr10!
Missing character: There is no ì in font cmr10!
(./Report.bbl [59

] [60

]
Missing character: There is no ‚ in font cmr10!
Missing character: There is no Ä in font cmr10!
Missing character: There is no ê in font cmr10!
 [61]) [62] (./Report.aux) ) 
Here is how much of TeX's memory you used:
 4690 strings out of 493488
 68246 string characters out of 3141326
 153448 words of memory out of 3000000
 7902 multiletter control sequences out of 15000+200000
 11742 words of font info for 42 fonts, out of 3000000 for 9000
 957 hyphenation exceptions out of 8191
 38i,14n,32p,2155b,997s stack positions out of 5000i,500n,10000p,200000b,50000s
</usr/local/texlive/2012/texmf-dist/fonts/type1/pub
lic/amsfonts/cm/cmbx10.pfb></usr/local/texlive/2012/texmf-dist/fonts/type1/publ
ic/amsfonts/cm/cmbx12.pfb></usr/local/texlive/2012/texmf-dist/fonts/type1/publi
c/amsfonts/cm/cmex10.pfb></usr/local/texlive/2012/texmf-dist/fonts/type1/public
/amsfonts/cmextra/cmex7.pfb></usr/local/texlive/2012/texmf-dist/fonts/type1/pub
lic/amsfonts/cm/cmmi10.pfb></usr/local/texlive/2012/texmf-dist/fonts/type1/publ
ic/amsfonts/cm/cmmi5.pfb></usr/local/texlive/2012/texmf-dist/fonts/type1/public
/amsfonts/cm/cmmi7.pfb></usr/local/texlive/2012/texmf-dist/fonts/type1/public/a
msfonts/cm/cmr10.pfb></usr/local/texlive/2012/texmf-dist/fonts/type1/public/ams
fonts/cm/cmr12.pfb></usr/local/texlive/2012/texmf-dist/fonts/type1/public/amsfo
nts/cm/cmr17.pfb></usr/local/texlive/2012/texmf-dist/fonts/type1/public/amsfont
s/cm/cmr7.pfb></usr/local/texlive/2012/texmf-dist/fonts/type1/public/amsfonts/c
m/cmsy10.pfb></usr/local/texlive/2012/texmf-dist/fonts/type1/public/amsfonts/cm
/cmsy5.pfb></usr/local/texlive/2012/texmf-dist/fonts/type1/public/amsfonts/cm/c
msy7.pfb></usr/local/texlive/2012/texmf-dist/fonts/type1/public/amsfonts/cm/cmt
i10.pfb></usr/local/texlive/2012/texmf-dist/fonts/type1/public/amsfonts/cm/cmti
7.pfb></usr/local/texlive/2012/texmf-dist/fonts/type1/public/amsfonts/cm/cmtt10
.pfb></usr/local/texlive/2012/texmf-dist/fonts/type1/public/amsfonts/cm/cmu10.p
fb>
Output written on Report.pdf (64 pages, 4137433 bytes).
PDF statistics:
 329 PDF objects out of 1000 (max. 8388607)
 198 compressed objects within 2 object streams
 0 named destinations out of 1000 (max. 500000)
 166 words of extra memory for PDF output out of 10000 (max. 10000000)

